{"/Users/josuelopez/Desktop/CSCE3550_JWKS_JL/project1/js/server.js": {"path":"/Users/josuelopez/Desktop/CSCE3550_JWKS_JL/project1/js/server.js","statementMap":{"0":{"start":{"line":1,"column":16},"end":{"line":1,"column":34}},"1":{"start":{"line":2,"column":12},"end":{"line":2,"column":35}},"2":{"start":{"line":3,"column":13},"end":{"line":3,"column":33}},"3":{"start":{"line":4,"column":16},"end":{"line":4,"column":44}},"4":{"start":{"line":6,"column":12},"end":{"line":6,"column":21}},"5":{"start":{"line":7,"column":13},"end":{"line":7,"column":17}},"6":{"start":{"line":15,"column":2},"end":{"line":15,"column":80}},"7":{"start":{"line":16,"column":2},"end":{"line":16,"column":87}},"8":{"start":{"line":20,"column":11},"end":{"line":20,"column":66}},"9":{"start":{"line":21,"column":2},"end":{"line":21,"column":122}},"10":{"start":{"line":22,"column":2},"end":{"line":22,"column":113}},"11":{"start":{"line":23,"column":2},"end":{"line":23,"column":120}},"12":{"start":{"line":27,"column":18},"end":{"line":31,"column":3}},"13":{"start":{"line":32,"column":18},"end":{"line":39,"column":3}},"14":{"start":{"line":41,"column":2},"end":{"line":41,"column":58}},"15":{"start":{"line":45,"column":18},"end":{"line":49,"column":3}},"16":{"start":{"line":50,"column":18},"end":{"line":57,"column":3}},"17":{"start":{"line":59,"column":2},"end":{"line":59,"column":72}},"18":{"start":{"line":62,"column":0},"end":{"line":67,"column":3}},"19":{"start":{"line":63,"column":2},"end":{"line":65,"column":3}},"20":{"start":{"line":64,"column":4},"end":{"line":64,"column":54}},"21":{"start":{"line":66,"column":2},"end":{"line":66,"column":9}},"22":{"start":{"line":70,"column":0},"end":{"line":75,"column":3}},"23":{"start":{"line":71,"column":2},"end":{"line":73,"column":3}},"24":{"start":{"line":72,"column":4},"end":{"line":72,"column":54}},"25":{"start":{"line":74,"column":2},"end":{"line":74,"column":9}},"26":{"start":{"line":77,"column":0},"end":{"line":81,"column":3}},"27":{"start":{"line":78,"column":20},"end":{"line":78,"column":86}},"28":{"start":{"line":78,"column":36},"end":{"line":78,"column":85}},"29":{"start":{"line":79,"column":2},"end":{"line":79,"column":52}},"30":{"start":{"line":80,"column":2},"end":{"line":80,"column":57}},"31":{"start":{"line":80,"column":40},"end":{"line":80,"column":52}},"32":{"start":{"line":83,"column":0},"end":{"line":88,"column":3}},"33":{"start":{"line":84,"column":2},"end":{"line":86,"column":3}},"34":{"start":{"line":85,"column":4},"end":{"line":85,"column":34}},"35":{"start":{"line":87,"column":2},"end":{"line":87,"column":18}},"36":{"start":{"line":90,"column":0},"end":{"line":96,"column":3}},"37":{"start":{"line":91,"column":2},"end":{"line":91,"column":17}},"38":{"start":{"line":92,"column":2},"end":{"line":92,"column":22}},"39":{"start":{"line":93,"column":2},"end":{"line":93,"column":6}},"40":{"start":{"line":94,"column":2},"end":{"line":95,"column":5}},"41":{"start":{"line":98,"column":0},"end":{"line":98,"column":21}}},"fnMap":{"0":{"name":"generateKeyPairs","decl":{"start":{"line":14,"column":15},"end":{"line":14,"column":31}},"loc":{"start":{"line":14,"column":34},"end":{"line":17,"column":1}},"line":14},"1":{"name":"db","decl":{"start":{"line":19,"column":9},"end":{"line":19,"column":11}},"loc":{"start":{"line":19,"column":14},"end":{"line":24,"column":1}},"line":19},"2":{"name":"generateToken","decl":{"start":{"line":26,"column":9},"end":{"line":26,"column":22}},"loc":{"start":{"line":26,"column":25},"end":{"line":42,"column":1}},"line":26},"3":{"name":"generateExpiredJWT","decl":{"start":{"line":44,"column":9},"end":{"line":44,"column":27}},"loc":{"start":{"line":44,"column":30},"end":{"line":60,"column":1}},"line":44},"4":{"name":"(anonymous_4)","decl":{"start":{"line":62,"column":17},"end":{"line":62,"column":18}},"loc":{"start":{"line":62,"column":37},"end":{"line":67,"column":1}},"line":62},"5":{"name":"(anonymous_5)","decl":{"start":{"line":70,"column":34},"end":{"line":70,"column":35}},"loc":{"start":{"line":70,"column":54},"end":{"line":75,"column":1}},"line":70},"6":{"name":"(anonymous_6)","decl":{"start":{"line":77,"column":34},"end":{"line":77,"column":35}},"loc":{"start":{"line":77,"column":48},"end":{"line":81,"column":1}},"line":77},"7":{"name":"(anonymous_7)","decl":{"start":{"line":78,"column":29},"end":{"line":78,"column":30}},"loc":{"start":{"line":78,"column":36},"end":{"line":78,"column":85}},"line":78},"8":{"name":"(anonymous_8)","decl":{"start":{"line":80,"column":33},"end":{"line":80,"column":34}},"loc":{"start":{"line":80,"column":40},"end":{"line":80,"column":52}},"line":80},"9":{"name":"(anonymous_9)","decl":{"start":{"line":83,"column":18},"end":{"line":83,"column":19}},"loc":{"start":{"line":83,"column":32},"end":{"line":88,"column":1}},"line":83},"10":{"name":"(anonymous_10)","decl":{"start":{"line":90,"column":24},"end":{"line":90,"column":25}},"loc":{"start":{"line":90,"column":30},"end":{"line":96,"column":1}},"line":90},"11":{"name":"(anonymous_11)","decl":{"start":{"line":94,"column":19},"end":{"line":94,"column":20}},"loc":{"start":{"line":94,"column":25},"end":{"line":95,"column":3}},"line":94}},"branchMap":{"0":{"loc":{"start":{"line":63,"column":2},"end":{"line":65,"column":3}},"type":"if","locations":[{"start":{"line":63,"column":2},"end":{"line":65,"column":3}},{"start":{},"end":{}}],"line":63},"1":{"loc":{"start":{"line":71,"column":2},"end":{"line":73,"column":3}},"type":"if","locations":[{"start":{"line":71,"column":2},"end":{"line":73,"column":3}},{"start":{},"end":{}}],"line":71},"2":{"loc":{"start":{"line":84,"column":2},"end":{"line":86,"column":3}},"type":"if","locations":[{"start":{"line":84,"column":2},"end":{"line":86,"column":3}},{"start":{},"end":{}}],"line":84}},"s":{"0":1,"1":1,"2":1,"3":1,"4":1,"5":1,"6":1,"7":0,"8":0,"9":0,"10":0,"11":0,"12":0,"13":0,"14":0,"15":0,"16":0,"17":0,"18":1,"19":4,"20":1,"21":3,"22":1,"23":1,"24":1,"25":0,"26":1,"27":0,"28":0,"29":0,"30":0,"31":0,"32":1,"33":3,"34":1,"35":2,"36":1,"37":0,"38":0,"39":0,"40":0,"41":1},"f":{"0":1,"1":0,"2":0,"3":0,"4":4,"5":1,"6":0,"7":0,"8":0,"9":3,"10":0,"11":0},"b":{"0":[1,3],"1":[1,0],"2":[1,2]},"_coverageSchema":"1a1c01bbd47fc00a2c39e90264f33305004495a9","hash":"e79564681431c62edb1ca8b85add9304ed922914"}
}
