TN:
SF:server.js
FN:14,generateKeyPairs
FN:19,db
FN:26,generateToken
FN:44,generateExpiredJWT
FN:62,(anonymous_4)
FN:70,(anonymous_5)
FN:77,(anonymous_6)
FN:78,(anonymous_7)
FN:80,(anonymous_8)
FN:83,(anonymous_9)
FN:90,(anonymous_10)
FN:94,(anonymous_11)
FNF:12
FNH:4
FNDA:1,generateKeyPairs
FNDA:0,db
FNDA:0,generateToken
FNDA:0,generateExpiredJWT
FNDA:4,(anonymous_4)
FNDA:1,(anonymous_5)
FNDA:0,(anonymous_6)
FNDA:0,(anonymous_7)
FNDA:0,(anonymous_8)
FNDA:3,(anonymous_9)
FNDA:0,(anonymous_10)
FNDA:0,(anonymous_11)
DA:1,1
DA:2,1
DA:3,1
DA:4,1
DA:6,1
DA:7,1
DA:15,1
DA:16,0
DA:20,0
DA:21,0
DA:22,0
DA:23,0
DA:27,0
DA:32,0
DA:41,0
DA:45,0
DA:50,0
DA:59,0
DA:62,1
DA:63,4
DA:64,1
DA:66,3
DA:70,1
DA:71,1
DA:72,1
DA:74,0
DA:77,1
DA:78,0
DA:79,0
DA:80,0
DA:83,1
DA:84,3
DA:85,1
DA:87,2
DA:90,1
DA:91,0
DA:92,0
DA:93,0
DA:94,0
DA:98,1
LF:40
LH:21
BRDA:63,0,0,1
BRDA:63,0,1,3
BRDA:71,1,0,1
BRDA:71,1,1,0
BRDA:84,2,0,1
BRDA:84,2,1,2
BRF:6
BRH:5
end_of_record
